<?xml version="1.0" encoding="UTF-8"?>
<!-- Generated by org.testng.reporters.JUnitXMLReporter -->
<testsuite ignored="0" hostname="LTIN732127" failures="0" tests="3" name="Selenium_Pro1" time="10.804" errors="0" timestamp="2026-04-09T14:58:28 IST">
  <testcase classname="TestingDemo.GoogleTest" name="test2" time="0.011"/>
  <testcase classname="TestingDemo.GoogleTest" name="openGoogle" time="10.719"/>
  <testcase classname="TestingDemo.GoogleTest" name="test1" time="0.0"/>
</testsuite> <!-- Selenium_Pro1 -->
