<?xml version="1.0" encoding="UTF-8"?>
<!-- Generated by org.testng.reporters.JUnitReportReporter -->
<testsuite hostname="LTIN732127" failures="0" tests="3" name="TestingDemo.GoogleTest" time="10.730" errors="0" timestamp="2026-04-09T14:58:28 IST" skipped="0">
  <testcase classname="TestingDemo.GoogleTest" name="test2" time="0.011"/>
  <testcase classname="TestingDemo.GoogleTest" name="openGoogle" time="10.719"/>
  <testcase classname="TestingDemo.GoogleTest" name="test1" time="0.000"/>
</testsuite> <!-- TestingDemo.GoogleTest -->
