<?xml version="1.0" encoding="UTF-8"?>
<testng-results ignored="0" total="3" passed="3" failed="0" skipped="0">
  <reporter-output>
  </reporter-output>
  <suite started-at="2026-04-09T14:58:17 IST" name="Default Suite" finished-at="2026-04-09T14:58:28 IST" duration-ms="10804">
    <groups>
    </groups>
    <test started-at="2026-04-09T14:58:17 IST" name="Selenium_Pro1" finished-at="2026-04-09T14:58:28 IST" duration-ms="10804">
      <class name="TestingDemo.GoogleTest">
        <test-method signature="test2()[pri:-1, instance:TestingDemo.GoogleTest@35cabb2a]" started-at="2026-04-09T14:58:17 IST" name="test2" finished-at="2026-04-09T14:58:17 IST" duration-ms="11" status="PASS">
          <reporter-output>
          </reporter-output>
        </test-method> <!-- test2 -->
        <test-method signature="openGoogle()[pri:0, instance:TestingDemo.GoogleTest@35cabb2a]" started-at="2026-04-09T14:58:17 IST" name="openGoogle" finished-at="2026-04-09T14:58:28 IST" duration-ms="10719" status="PASS">
          <reporter-output>
          </reporter-output>
        </test-method> <!-- openGoogle -->
        <test-method signature="test1()[pri:1, instance:TestingDemo.GoogleTest@35cabb2a]" started-at="2026-04-09T14:58:28 IST" name="test1" finished-at="2026-04-09T14:58:28 IST" duration-ms="0" status="PASS">
          <reporter-output>
          </reporter-output>
        </test-method> <!-- test1 -->
      </class> <!-- TestingDemo.GoogleTest -->
    </test> <!-- Selenium_Pro1 -->
  </suite> <!-- Default Suite -->
</testng-results>
